<?xml version="1.0" encoding="UTF-8"?>
<testsuite xmlns:xsi="http://www.w3.org/2001/XMLSchema-instance" xsi:noNamespaceSchemaLocation="https://maven.apache.org/surefire/maven-surefire-plugin/xsd/surefire-test-report.xsd" name="com.TestApp" time="0.054" tests="1" errors="0" skipped="0" failures="0">
  <properties>
    <property name="gopherProxySet" value="false"/>
    <property name="awt.toolkit" value="sun.lwawt.macosx.LWCToolkit"/>
    <property name="java.specification.version" value="10"/>
    <property name="file.encoding.pkg" value="sun.io"/>
    <property name="sun.cpu.isalist" value=""/>
    <property name="sun.jnu.encoding" value="UTF-8"/>
    <property name="java.class.path" value="/Volumes/Data/work/tests/app2/target/test-classes:/Volumes/Data/work/tests/app2/target/classes:/Users/badawy88/.m2/repository/org/apache/struts/struts-core/1.3.10/struts-core-1.3.10.jar:/Users/badawy88/.m2/repository/antlr/antlr/2.7.2/antlr-2.7.2.jar:/Users/badawy88/.m2/repository/commons-beanutils/commons-beanutils/1.8.0/commons-beanutils-1.8.0.jar:/Users/badawy88/.m2/repository/commons-chain/commons-chain/1.2/commons-chain-1.2.jar:/Users/badawy88/.m2/repository/commons-digester/commons-digester/1.8/commons-digester-1.8.jar:/Users/badawy88/.m2/repository/commons-logging/commons-logging/1.0.4/commons-logging-1.0.4.jar:/Users/badawy88/.m2/repository/commons-validator/commons-validator/1.3.1/commons-validator-1.3.1.jar:/Users/badawy88/.m2/repository/oro/oro/2.0.8/oro-2.0.8.jar:/Users/badawy88/.m2/repository/org/apache/struts/struts-taglib/1.3.10/struts-taglib-1.3.10.jar:/Users/badawy88/.m2/repository/org/apache/struts/struts-tiles/1.3.10/struts-tiles-1.3.10.jar:/Users/badawy88/.m2/repository/commons-collections/commons-collections/3.2.1/commons-collections-3.2.1.jar:/Users/badawy88/.m2/repository/strutstestcase/strutstestcase/2.1.4-1.2-2.4/strutstestcase-2.1.4-1.2-2.4.jar:/Users/badawy88/.m2/repository/javax/servlet/servlet-api/2.4/servlet-api-2.4.jar:/Users/badawy88/.m2/repository/org/jacoco/jacoco-maven-plugin/0.8.2/jacoco-maven-plugin-0.8.2.jar:/Users/badawy88/.m2/repository/org/apache/maven/maven-plugin-api/2.2.1/maven-plugin-api-2.2.1.jar:/Users/badawy88/.m2/repository/org/apache/maven/maven-project/2.2.1/maven-project-2.2.1.jar:/Users/badawy88/.m2/repository/org/apache/maven/maven-settings/2.2.1/maven-settings-2.2.1.jar:/Users/badawy88/.m2/repository/org/apache/maven/maven-profile/2.2.1/maven-profile-2.2.1.jar:/Users/badawy88/.m2/repository/org/apache/maven/maven-model/2.2.1/maven-model-2.2.1.jar:/Users/badawy88/.m2/repository/org/apache/maven/maven-artifact-manager/2.2.1/maven-artifact-manager-2.2.1.jar:/Users/badawy88/.m2/repository/org/apache/maven/maven-repository-metadata/2.2.1/maven-repository-metadata-2.2.1.jar:/Users/badawy88/.m2/repository/org/apache/maven/wagon/wagon-provider-api/1.0-beta-6/wagon-provider-api-1.0-beta-6.jar:/Users/badawy88/.m2/repository/backport-util-concurrent/backport-util-concurrent/3.1/backport-util-concurrent-3.1.jar:/Users/badawy88/.m2/repository/org/apache/maven/maven-plugin-registry/2.2.1/maven-plugin-registry-2.2.1.jar:/Users/badawy88/.m2/repository/org/codehaus/plexus/plexus-interpolation/1.11/plexus-interpolation-1.11.jar:/Users/badawy88/.m2/repository/org/apache/maven/maven-artifact/2.2.1/maven-artifact-2.2.1.jar:/Users/badawy88/.m2/repository/org/codehaus/plexus/plexus-container-default/1.0-alpha-9-stable-1/plexus-container-default-1.0-alpha-9-stable-1.jar:/Users/badawy88/.m2/repository/classworlds/classworlds/1.1-alpha-2/classworlds-1.1-alpha-2.jar:/Users/badawy88/.m2/repository/org/codehaus/plexus/plexus-utils/3.0.22/plexus-utils-3.0.22.jar:/Users/badawy88/.m2/repository/org/apache/maven/shared/file-management/1.2.1/file-management-1.2.1.jar:/Users/badawy88/.m2/repository/org/apache/maven/shared/maven-shared-io/1.1/maven-shared-io-1.1.jar:/Users/badawy88/.m2/repository/org/apache/maven/reporting/maven-reporting-api/2.2.1/maven-reporting-api-2.2.1.jar:/Users/badawy88/.m2/repository/org/apache/maven/doxia/doxia-sink-api/1.1/doxia-sink-api-1.1.jar:/Users/badawy88/.m2/repository/org/apache/maven/doxia/doxia-logging-api/1.1/doxia-logging-api-1.1.jar:/Users/badawy88/.m2/repository/org/apache/maven/reporting/maven-reporting-impl/2.1/maven-reporting-impl-2.1.jar:/Users/badawy88/.m2/repository/org/apache/maven/doxia/doxia-core/1.1.2/doxia-core-1.1.2.jar:/Users/badawy88/.m2/repository/xerces/xercesImpl/2.8.1/xercesImpl-2.8.1.jar:/Users/badawy88/.m2/repository/xml-apis/xml-apis/1.3.03/xml-apis-1.3.03.jar:/Users/badawy88/.m2/repository/commons-lang/commons-lang/2.4/commons-lang-2.4.jar:/Users/badawy88/.m2/repository/commons-httpclient/commons-httpclient/3.1/commons-httpclient-3.1.jar:/Users/badawy88/.m2/repository/commons-codec/commons-codec/1.2/commons-codec-1.2.jar:/Users/badawy88/.m2/repository/org/apache/maven/doxia/doxia-site-renderer/1.1.2/doxia-site-renderer-1.1.2.jar:/Users/badawy88/.m2/repository/org/apache/maven/doxia/doxia-decoration-model/1.1.2/doxia-decoration-model-1.1.2.jar:/Users/badawy88/.m2/repository/org/apache/maven/doxia/doxia-module-xhtml/1.1.2/doxia-module-xhtml-1.1.2.jar:/Users/badawy88/.m2/repository/org/apache/maven/doxia/doxia-module-fml/1.1.2/doxia-module-fml-1.1.2.jar:/Users/badawy88/.m2/repository/org/codehaus/plexus/plexus-i18n/1.0-beta-7/plexus-i18n-1.0-beta-7.jar:/Users/badawy88/.m2/repository/org/codehaus/plexus/plexus-velocity/1.1.7/plexus-velocity-1.1.7.jar:/Users/badawy88/.m2/repository/org/apache/velocity/velocity/1.5/velocity-1.5.jar:/Users/badawy88/.m2/repository/org/jacoco/org.jacoco.agent/0.8.2/org.jacoco.agent-0.8.2-runtime.jar:/Users/badawy88/.m2/repository/org/jacoco/org.jacoco.core/0.8.2/org.jacoco.core-0.8.2.jar:/Users/badawy88/.m2/repository/org/ow2/asm/asm/6.2.1/asm-6.2.1.jar:/Users/badawy88/.m2/repository/org/ow2/asm/asm-commons/6.2.1/asm-commons-6.2.1.jar:/Users/badawy88/.m2/repository/org/ow2/asm/asm-analysis/6.2.1/asm-analysis-6.2.1.jar:/Users/badawy88/.m2/repository/org/ow2/asm/asm-tree/6.2.1/asm-tree-6.2.1.jar:/Users/badawy88/.m2/repository/org/jacoco/org.jacoco.report/0.8.2/org.jacoco.report-0.8.2.jar:/Users/badawy88/.m2/repository/org/springframework/spring/2.5.6/spring-2.5.6.jar:/Users/badawy88/.m2/repository/org/springframework/spring-web/2.5.6/spring-web-2.5.6.jar:/Users/badawy88/.m2/repository/org/springframework/spring-beans/2.5.6/spring-beans-2.5.6.jar:/Users/badawy88/.m2/repository/org/springframework/spring-context/2.5.6/spring-context-2.5.6.jar:/Users/badawy88/.m2/repository/aopalliance/aopalliance/1.0/aopalliance-1.0.jar:/Users/badawy88/.m2/repository/org/springframework/spring-core/2.5.6/spring-core-2.5.6.jar:/Users/badawy88/.m2/repository/org/springframework/spring-struts/2.0.8/spring-struts-2.0.8.jar:/Users/badawy88/.m2/repository/struts/struts/1.2.9/struts-1.2.9.jar:/Users/badawy88/.m2/repository/commons-fileupload/commons-fileupload/1.0/commons-fileupload-1.0.jar:/Users/badawy88/.m2/repository/xalan/xalan/2.5.1/xalan-2.5.1.jar:/Users/badawy88/.m2/repository/junit/junit/4.12/junit-4.12.jar:/Users/badawy88/.m2/repository/org/hamcrest/hamcrest-core/1.3/hamcrest-core-1.3.jar:/Users/badawy88/.m2/repository/javax/servlet/jsp/jsp-api/2.1/jsp-api-2.1.jar:/Users/badawy88/.m2/repository/org/sonarsource/java/sonar-jacoco-listeners/5.9.1.16423/sonar-jacoco-listeners-5.9.1.16423.jar:"/>
    <property name="java.vm.vendor" value="&quot;Oracle Corporation&quot;"/>
    <property name="sun.arch.data.model" value="64"/>
    <property name="java.vendor.url" value="http://java.oracle.com/"/>
    <property name="user.timezone" value=""/>
    <property name="java.vm.specification.version" value="10"/>
    <property name="os.name" value="Mac OS X"/>
    <property name="sun.java.launcher" value="SUN_STANDARD"/>
    <property name="user.country" value="SA"/>
    <property name="sun.boot.library.path" value="/Library/Java/JavaVirtualMachines/jdk-10.0.2.jdk/Contents/Home/lib"/>
    <property name="sun.java.command" value="/Volumes/Data/work/tests/app2/target/surefire/surefirebooter11157298817169745834.jar /Volumes/Data/work/tests/app2/target/surefire 2018-11-18T21-19-57_445-jvmRun1 surefire3566489952983930522tmp surefire_016271223105474112186tmp"/>
    <property name="http.nonProxyHosts" value="local|*.local|169.254/16|*.169.254/16"/>
    <property name="jdk.debug" value="release"/>
    <property name="surefire.test.class.path" value="/Volumes/Data/work/tests/app2/target/test-classes:/Volumes/Data/work/tests/app2/target/classes:/Users/badawy88/.m2/repository/org/apache/struts/struts-core/1.3.10/struts-core-1.3.10.jar:/Users/badawy88/.m2/repository/antlr/antlr/2.7.2/antlr-2.7.2.jar:/Users/badawy88/.m2/repository/commons-beanutils/commons-beanutils/1.8.0/commons-beanutils-1.8.0.jar:/Users/badawy88/.m2/repository/commons-chain/commons-chain/1.2/commons-chain-1.2.jar:/Users/badawy88/.m2/repository/commons-digester/commons-digester/1.8/commons-digester-1.8.jar:/Users/badawy88/.m2/repository/commons-logging/commons-logging/1.0.4/commons-logging-1.0.4.jar:/Users/badawy88/.m2/repository/commons-validator/commons-validator/1.3.1/commons-validator-1.3.1.jar:/Users/badawy88/.m2/repository/oro/oro/2.0.8/oro-2.0.8.jar:/Users/badawy88/.m2/repository/org/apache/struts/struts-taglib/1.3.10/struts-taglib-1.3.10.jar:/Users/badawy88/.m2/repository/org/apache/struts/struts-tiles/1.3.10/struts-tiles-1.3.10.jar:/Users/badawy88/.m2/repository/commons-collections/commons-collections/3.2.1/commons-collections-3.2.1.jar:/Users/badawy88/.m2/repository/strutstestcase/strutstestcase/2.1.4-1.2-2.4/strutstestcase-2.1.4-1.2-2.4.jar:/Users/badawy88/.m2/repository/javax/servlet/servlet-api/2.4/servlet-api-2.4.jar:/Users/badawy88/.m2/repository/org/jacoco/jacoco-maven-plugin/0.8.2/jacoco-maven-plugin-0.8.2.jar:/Users/badawy88/.m2/repository/org/apache/maven/maven-plugin-api/2.2.1/maven-plugin-api-2.2.1.jar:/Users/badawy88/.m2/repository/org/apache/maven/maven-project/2.2.1/maven-project-2.2.1.jar:/Users/badawy88/.m2/repository/org/apache/maven/maven-settings/2.2.1/maven-settings-2.2.1.jar:/Users/badawy88/.m2/repository/org/apache/maven/maven-profile/2.2.1/maven-profile-2.2.1.jar:/Users/badawy88/.m2/repository/org/apache/maven/maven-model/2.2.1/maven-model-2.2.1.jar:/Users/badawy88/.m2/repository/org/apache/maven/maven-artifact-manager/2.2.1/maven-artifact-manager-2.2.1.jar:/Users/badawy88/.m2/repository/org/apache/maven/maven-repository-metadata/2.2.1/maven-repository-metadata-2.2.1.jar:/Users/badawy88/.m2/repository/org/apache/maven/wagon/wagon-provider-api/1.0-beta-6/wagon-provider-api-1.0-beta-6.jar:/Users/badawy88/.m2/repository/backport-util-concurrent/backport-util-concurrent/3.1/backport-util-concurrent-3.1.jar:/Users/badawy88/.m2/repository/org/apache/maven/maven-plugin-registry/2.2.1/maven-plugin-registry-2.2.1.jar:/Users/badawy88/.m2/repository/org/codehaus/plexus/plexus-interpolation/1.11/plexus-interpolation-1.11.jar:/Users/badawy88/.m2/repository/org/apache/maven/maven-artifact/2.2.1/maven-artifact-2.2.1.jar:/Users/badawy88/.m2/repository/org/codehaus/plexus/plexus-container-default/1.0-alpha-9-stable-1/plexus-container-default-1.0-alpha-9-stable-1.jar:/Users/badawy88/.m2/repository/classworlds/classworlds/1.1-alpha-2/classworlds-1.1-alpha-2.jar:/Users/badawy88/.m2/repository/org/codehaus/plexus/plexus-utils/3.0.22/plexus-utils-3.0.22.jar:/Users/badawy88/.m2/repository/org/apache/maven/shared/file-management/1.2.1/file-management-1.2.1.jar:/Users/badawy88/.m2/repository/org/apache/maven/shared/maven-shared-io/1.1/maven-shared-io-1.1.jar:/Users/badawy88/.m2/repository/org/apache/maven/reporting/maven-reporting-api/2.2.1/maven-reporting-api-2.2.1.jar:/Users/badawy88/.m2/repository/org/apache/maven/doxia/doxia-sink-api/1.1/doxia-sink-api-1.1.jar:/Users/badawy88/.m2/repository/org/apache/maven/doxia/doxia-logging-api/1.1/doxia-logging-api-1.1.jar:/Users/badawy88/.m2/repository/org/apache/maven/reporting/maven-reporting-impl/2.1/maven-reporting-impl-2.1.jar:/Users/badawy88/.m2/repository/org/apache/maven/doxia/doxia-core/1.1.2/doxia-core-1.1.2.jar:/Users/badawy88/.m2/repository/xerces/xercesImpl/2.8.1/xercesImpl-2.8.1.jar:/Users/badawy88/.m2/repository/xml-apis/xml-apis/1.3.03/xml-apis-1.3.03.jar:/Users/badawy88/.m2/repository/commons-lang/commons-lang/2.4/commons-lang-2.4.jar:/Users/badawy88/.m2/repository/commons-httpclient/commons-httpclient/3.1/commons-httpclient-3.1.jar:/Users/badawy88/.m2/repository/commons-codec/commons-codec/1.2/commons-codec-1.2.jar:/Users/badawy88/.m2/repository/org/apache/maven/doxia/doxia-site-renderer/1.1.2/doxia-site-renderer-1.1.2.jar:/Users/badawy88/.m2/repository/org/apache/maven/doxia/doxia-decoration-model/1.1.2/doxia-decoration-model-1.1.2.jar:/Users/badawy88/.m2/repository/org/apache/maven/doxia/doxia-module-xhtml/1.1.2/doxia-module-xhtml-1.1.2.jar:/Users/badawy88/.m2/repository/org/apache/maven/doxia/doxia-module-fml/1.1.2/doxia-module-fml-1.1.2.jar:/Users/badawy88/.m2/repository/org/codehaus/plexus/plexus-i18n/1.0-beta-7/plexus-i18n-1.0-beta-7.jar:/Users/badawy88/.m2/repository/org/codehaus/plexus/plexus-velocity/1.1.7/plexus-velocity-1.1.7.jar:/Users/badawy88/.m2/repository/org/apache/velocity/velocity/1.5/velocity-1.5.jar:/Users/badawy88/.m2/repository/org/jacoco/org.jacoco.agent/0.8.2/org.jacoco.agent-0.8.2-runtime.jar:/Users/badawy88/.m2/repository/org/jacoco/org.jacoco.core/0.8.2/org.jacoco.core-0.8.2.jar:/Users/badawy88/.m2/repository/org/ow2/asm/asm/6.2.1/asm-6.2.1.jar:/Users/badawy88/.m2/repository/org/ow2/asm/asm-commons/6.2.1/asm-commons-6.2.1.jar:/Users/badawy88/.m2/repository/org/ow2/asm/asm-analysis/6.2.1/asm-analysis-6.2.1.jar:/Users/badawy88/.m2/repository/org/ow2/asm/asm-tree/6.2.1/asm-tree-6.2.1.jar:/Users/badawy88/.m2/repository/org/jacoco/org.jacoco.report/0.8.2/org.jacoco.report-0.8.2.jar:/Users/badawy88/.m2/repository/org/springframework/spring/2.5.6/spring-2.5.6.jar:/Users/badawy88/.m2/repository/org/springframework/spring-web/2.5.6/spring-web-2.5.6.jar:/Users/badawy88/.m2/repository/org/springframework/spring-beans/2.5.6/spring-beans-2.5.6.jar:/Users/badawy88/.m2/repository/org/springframework/spring-context/2.5.6/spring-context-2.5.6.jar:/Users/badawy88/.m2/repository/aopalliance/aopalliance/1.0/aopalliance-1.0.jar:/Users/badawy88/.m2/repository/org/springframework/spring-core/2.5.6/spring-core-2.5.6.jar:/Users/badawy88/.m2/repository/org/springframework/spring-struts/2.0.8/spring-struts-2.0.8.jar:/Users/badawy88/.m2/repository/struts/struts/1.2.9/struts-1.2.9.jar:/Users/badawy88/.m2/repository/commons-fileupload/commons-fileupload/1.0/commons-fileupload-1.0.jar:/Users/badawy88/.m2/repository/xalan/xalan/2.5.1/xalan-2.5.1.jar:/Users/badawy88/.m2/repository/junit/junit/4.12/junit-4.12.jar:/Users/badawy88/.m2/repository/org/hamcrest/hamcrest-core/1.3/hamcrest-core-1.3.jar:/Users/badawy88/.m2/repository/javax/servlet/jsp/jsp-api/2.1/jsp-api-2.1.jar:/Users/badawy88/.m2/repository/org/sonarsource/java/sonar-jacoco-listeners/5.9.1.16423/sonar-jacoco-listeners-5.9.1.16423.jar:"/>
    <property name="sun.cpu.endian" value="little"/>
    <property name="user.home" value="/Users/badawy88"/>
    <property name="user.language" value="en"/>
    <property name="java.specification.vendor" value="Oracle Corporation"/>
    <property name="java.version.date" value="2018-07-17"/>
    <property name="java.home" value="/Library/Java/JavaVirtualMachines/jdk-10.0.2.jdk/Contents/Home"/>
    <property name="file.separator" value="/"/>
    <property name="basedir" value="/Volumes/Data/work/tests/app2"/>
    <property name="java.vm.compressedOopsMode" value="Zero based"/>
    <property name="line.separator" value="&#10;"/>
    <property name="java.specification.name" value="Java Platform API Specification"/>
    <property name="java.vm.specification.vendor" value="Oracle Corporation"/>
    <property name="java.awt.graphicsenv" value="sun.awt.CGraphicsEnvironment"/>
    <property name="surefire.real.class.path" value="/Volumes/Data/work/tests/app2/target/surefire/surefirebooter11157298817169745834.jar"/>
    <property name="sun.management.compiler" value="HotSpot 64-Bit Tiered Compilers"/>
    <property name="ftp.nonProxyHosts" value="local|*.local|169.254/16|*.169.254/16"/>
    <property name="java.runtime.version" value="10.0.2+13"/>
    <property name="user.name" value="badawy88"/>
    <property name="path.separator" value=":"/>
    <property name="os.version" value="10.13.6"/>
    <property name="java.runtime.name" value="Java(TM) SE Runtime Environment"/>
    <property name="file.encoding" value="UTF-8"/>
    <property name="java.vm.name" value="Java HotSpot(TM) 64-Bit Server VM"/>
    <property name="java.vendor.version" value="18.3"/>
    <property name="localRepository" value="/Users/badawy88/.m2/repository"/>
    <property name="java.vendor.url.bug" value="http://bugreport.java.com/bugreport/"/>
    <property name="java.io.tmpdir" value="/var/folders/9w/gfqfy9m9663bxqggxg9b6qvw0000gn/T/"/>
    <property name="java.version" value="10.0.2"/>
    <property name="user.dir" value="/Volumes/Data/work/tests/app2"/>
    <property name="os.arch" value="x86_64"/>
    <property name="java.vm.specification.name" value="Java Virtual Machine Specification"/>
    <property name="java.awt.printerjob" value="sun.lwawt.macosx.CPrinterJob"/>
    <property name="sun.os.patch.level" value="unknown"/>
    <property name="java.library.path" value="/Users/badawy88/Library/Java/Extensions:/Library/Java/Extensions:/Network/Library/Java/Extensions:/System/Library/Java/Extensions:/usr/lib/java:."/>
    <property name="java.vendor" value="Oracle Corporation"/>
    <property name="java.vm.info" value="mixed mode"/>
    <property name="java.vm.version" value="10.0.2+13"/>
    <property name="sun.io.unicode.encoding" value="UnicodeBig"/>
    <property name="java.class.version" value="54.0"/>
    <property name="socksNonProxyHosts" value="local|*.local|169.254/16|*.169.254/16"/>
  </properties>
  <testcase name="testGetX" classname="com.TestApp" time="0.002"/>
</testsuite>